<?xml version="1.0" encoding="UTF-8"?>
<testng-results ignored="0" total="1" passed="1" failed="0" skipped="0">
  <reporter-output>
  </reporter-output>
  <suite started-at="2022-10-13T17:53:26 IST" name="Default suite" finished-at="2022-10-13T17:54:01 IST" duration-ms="34966">
    <groups>
    </groups>
    <test started-at="2022-10-13T17:53:26 IST" name="Default test" finished-at="2022-10-13T17:54:01 IST" duration-ms="34966">
      <class name="testCasesUsingPageFactory.OrderHistoryTestCasePF">
        <test-method signature="orderhistory()[pri:0, instance:testCasesUsingPageFactory.OrderHistoryTestCasePF@163e4e87]" started-at="2022-10-13T17:53:27 IST" name="orderhistory" finished-at="2022-10-13T17:54:01 IST" duration-ms="34891" status="PASS">
          <reporter-output>
          </reporter-output>
        </test-method> <!-- orderhistory -->
      </class> <!-- testCasesUsingPageFactory.OrderHistoryTestCasePF -->
    </test> <!-- Default test -->
  </suite> <!-- Default suite -->
</testng-results>
